\BOOKMARK [0][-]{chapter*.3}{Mission}{}% 1
\BOOKMARK [0][-]{chapter*.4}{Document Preparation and Updates}{}% 2
\BOOKMARK [0][-]{chapter.1}{Overview and concept of operations}{}% 3
\BOOKMARK [1][-]{section.1.1}{Scope}{chapter.1}% 4
\BOOKMARK [1][-]{section.1.2}{Purpose}{chapter.1}% 5
\BOOKMARK [2][-]{subsection.1.2.1}{Traversing Subdirectories}{section.1.2}% 6
\BOOKMARK [2][-]{subsection.1.2.2}{Running the Program Using Test Cases}{section.1.2}% 7
\BOOKMARK [2][-]{subsection.1.2.3}{Generating Test Cases}{section.1.2}% 8
\BOOKMARK [1][-]{section.1.3}{Systems Goals}{chapter.1}% 9
\BOOKMARK [1][-]{section.1.4}{System Overview and Diagram}{chapter.1}% 10
\BOOKMARK [0][-]{chapter.2}{Project Overview}{}% 11
\BOOKMARK [1][-]{section.2.1}{Team Members and Roles}{chapter.2}% 12
\BOOKMARK [1][-]{section.2.2}{Project Management Approach}{chapter.2}% 13
\BOOKMARK [1][-]{section.2.3}{Phase Overview}{chapter.2}% 14
\BOOKMARK [0][-]{chapter.3}{User Stories, Backlog and Requirements}{}% 15
\BOOKMARK [1][-]{section.3.1}{Overview}{chapter.3}% 16
\BOOKMARK [2][-]{subsection.3.1.1}{Scope}{section.3.1}% 17
\BOOKMARK [2][-]{subsection.3.1.2}{Purpose of the System}{section.3.1}% 18
\BOOKMARK [1][-]{section.3.2}{ Stakeholder Information}{chapter.3}% 19
\BOOKMARK [2][-]{subsection.3.2.1}{Customer or End User \(Product Owner\)}{section.3.2}% 20
\BOOKMARK [2][-]{subsection.3.2.2}{Management or Instructor \(Scrum Master\)}{section.3.2}% 21
\BOOKMARK [2][-]{subsection.3.2.3}{Developers \205Testers}{section.3.2}% 22
\BOOKMARK [1][-]{section.3.3}{Business Need}{chapter.3}% 23
\BOOKMARK [1][-]{section.3.4}{Requirements and Design Constraints}{chapter.3}% 24
\BOOKMARK [2][-]{subsection.3.4.1}{System Requirements}{section.3.4}% 25
\BOOKMARK [2][-]{subsection.3.4.2}{Network Requirements}{section.3.4}% 26
\BOOKMARK [2][-]{subsection.3.4.3}{Development Environment Requirements}{section.3.4}% 27
\BOOKMARK [2][-]{subsection.3.4.4}{Project Management Methodology}{section.3.4}% 28
\BOOKMARK [1][-]{section.3.5}{User Stories}{chapter.3}% 29
\BOOKMARK [2][-]{subsection.3.5.1}{User Story}{section.3.5}% 30
\BOOKMARK [0][-]{chapter.4}{Design and Implementation}{}% 31
\BOOKMARK [1][-]{section.4.1}{Traversing Subdirectories }{chapter.4}% 32
\BOOKMARK [2][-]{subsection.4.1.1}{Technologies Used}{section.4.1}% 33
\BOOKMARK [2][-]{subsection.4.1.2}{Design Details - Adding Test Cases to a Vector}{section.4.1}% 34
\BOOKMARK [1][-]{section.4.2}{Running the Program Using Test Cases }{chapter.4}% 35
\BOOKMARK [2][-]{subsection.4.2.1}{Technologies Used}{section.4.2}% 36
\BOOKMARK [2][-]{subsection.4.2.2}{Design Details - Running Files and Comparing to Test Case}{section.4.2}% 37
\BOOKMARK [0][-]{chapter.5}{System and Unit Testing}{}% 38
\BOOKMARK [1][-]{section.5.1}{Overview}{chapter.5}% 39
\BOOKMARK [1][-]{section.5.2}{Dependencies}{chapter.5}% 40
\BOOKMARK [1][-]{section.5.3}{Test Setup and Execution}{chapter.5}% 41
\BOOKMARK [0][-]{chapter.6}{Development Environment}{}% 42
\BOOKMARK [1][-]{section.6.1}{Development IDE and Tools}{chapter.6}% 43
\BOOKMARK [1][-]{section.6.2}{Source Control}{chapter.6}% 44
\BOOKMARK [1][-]{section.6.3}{Dependencies}{chapter.6}% 45
\BOOKMARK [1][-]{section.6.4}{Build Environment}{chapter.6}% 46
\BOOKMARK [0][-]{chapter.7}{Release \205 Setup \205 Deployment}{}% 47
\BOOKMARK [1][-]{section.7.1}{Deployment Information and Dependencies}{chapter.7}% 48
\BOOKMARK [1][-]{section.7.2}{Setup Information}{chapter.7}% 49
\BOOKMARK [1][-]{section.7.3}{System Versioning Information}{chapter.7}% 50
\BOOKMARK [0][-]{chapter.8}{User Documentation}{}% 51
\BOOKMARK [1][-]{section.8.1}{User Guide}{chapter.8}% 52
\BOOKMARK [0][-]{chapter*.5}{Supporting Materials}{}% 53
\BOOKMARK [0][-]{chapter*.6}{Sprint Reports}{}% 54
\BOOKMARK [1][-]{section.8.1}{Sprint Report}{chapter*.6}% 55
