\BOOKMARK [0][-]{chapter*.4}{Mission}{}% 1
\BOOKMARK [0][-]{chapter*.5}{Document Preparation and Updates}{}% 2
\BOOKMARK [0][-]{chapter.1}{Overview and concept of operations}{}% 3
\BOOKMARK [1][-]{section.1.1}{Scope}{chapter.1}% 4
\BOOKMARK [1][-]{section.1.2}{Purpose}{chapter.1}% 5
\BOOKMARK [2][-]{subsection.1.2.1}{Major System Component \0431}{section.1.2}% 6
\BOOKMARK [2][-]{subsection.1.2.2}{Major System Component \0432}{section.1.2}% 7
\BOOKMARK [1][-]{section.1.3}{Systems Goals}{chapter.1}% 8
\BOOKMARK [1][-]{section.1.4}{System Overview and Diagram}{chapter.1}% 9
\BOOKMARK [1][-]{section.1.5}{Technologies Overview}{chapter.1}% 10
\BOOKMARK [0][-]{chapter.2}{Project Overview}{}% 11
\BOOKMARK [1][-]{section.2.1}{Team Members and Roles}{chapter.2}% 12
\BOOKMARK [1][-]{section.2.2}{Project Management Approach}{chapter.2}% 13
\BOOKMARK [1][-]{section.2.3}{Phase Overview}{chapter.2}% 14
\BOOKMARK [1][-]{section.2.4}{Terminology and Acronyms}{chapter.2}% 15
\BOOKMARK [0][-]{chapter.3}{User Stories, Backlog and Requirements}{}% 16
\BOOKMARK [1][-]{section.3.1}{Overview}{chapter.3}% 17
\BOOKMARK [2][-]{subsection.3.1.1}{Scope}{section.3.1}% 18
\BOOKMARK [2][-]{subsection.3.1.2}{Purpose of the System}{section.3.1}% 19
\BOOKMARK [1][-]{section.3.2}{ Stakeholder Information}{chapter.3}% 20
\BOOKMARK [2][-]{subsection.3.2.1}{Customer or End User \(Product Owner\)}{section.3.2}% 21
\BOOKMARK [2][-]{subsection.3.2.2}{Management or Instructor \(Scrum Master\)}{section.3.2}% 22
\BOOKMARK [2][-]{subsection.3.2.3}{Investors}{section.3.2}% 23
\BOOKMARK [2][-]{subsection.3.2.4}{Developers \205Testers}{section.3.2}% 24
\BOOKMARK [1][-]{section.3.3}{Business Need}{chapter.3}% 25
\BOOKMARK [1][-]{section.3.4}{Requirements and Design Constraints}{chapter.3}% 26
\BOOKMARK [2][-]{subsection.3.4.1}{System Requirements}{section.3.4}% 27
\BOOKMARK [2][-]{subsection.3.4.2}{Network Requirements}{section.3.4}% 28
\BOOKMARK [2][-]{subsection.3.4.3}{Development Environment Requirements}{section.3.4}% 29
\BOOKMARK [2][-]{subsection.3.4.4}{Project Management Methodology}{section.3.4}% 30
\BOOKMARK [1][-]{section.3.5}{User Stories}{chapter.3}% 31
\BOOKMARK [2][-]{subsection.3.5.1}{User Story \0431}{section.3.5}% 32
\BOOKMARK [2][-]{subsection.3.5.2}{User Story \0432}{section.3.5}% 33
\BOOKMARK [2][-]{subsection.3.5.3}{User Story \0433}{section.3.5}% 34
\BOOKMARK [1][-]{section.3.6}{Research or Proof of Concept Results}{chapter.3}% 35
\BOOKMARK [1][-]{section.3.7}{Supporting Material}{chapter.3}% 36
\BOOKMARK [0][-]{chapter.4}{Design and Implementation}{}% 37
\BOOKMARK [1][-]{section.4.1}{Major Component: Recursive File Search }{chapter.4}% 38
\BOOKMARK [2][-]{subsection.4.1.1}{Technologies Used}{section.4.1}% 39
\BOOKMARK [2][-]{subsection.4.1.2}{Component Overview}{section.4.1}% 40
\BOOKMARK [2][-]{subsection.4.1.3}{Phase Overview}{section.4.1}% 41
\BOOKMARK [2][-]{subsection.4.1.4}{Data Flow Diagram}{section.4.1}% 42
\BOOKMARK [2][-]{subsection.4.1.5}{Design Details}{section.4.1}% 43
\BOOKMARK [1][-]{section.4.2}{Major Component: Iterative Executable Tester }{chapter.4}% 44
\BOOKMARK [2][-]{subsection.4.2.1}{Technologies Used}{section.4.2}% 45
\BOOKMARK [2][-]{subsection.4.2.2}{Component Overview}{section.4.2}% 46
\BOOKMARK [2][-]{subsection.4.2.3}{Phase Overview}{section.4.2}% 47
\BOOKMARK [2][-]{subsection.4.2.4}{Data Flow Diagram}{section.4.2}% 48
\BOOKMARK [2][-]{subsection.4.2.5}{Design Details}{section.4.2}% 49
\BOOKMARK [0][-]{chapter.5}{System and Unit Testing}{}% 50
\BOOKMARK [1][-]{section.5.1}{Overview}{chapter.5}% 51
\BOOKMARK [1][-]{section.5.2}{Dependencies}{chapter.5}% 52
\BOOKMARK [1][-]{section.5.3}{Test Setup and Execution}{chapter.5}% 53
\BOOKMARK [0][-]{chapter.6}{Development Environment}{}% 54
\BOOKMARK [1][-]{section.6.1}{Development IDE and Tools}{chapter.6}% 55
\BOOKMARK [1][-]{section.6.2}{Source Control}{chapter.6}% 56
\BOOKMARK [1][-]{section.6.3}{Dependencies}{chapter.6}% 57
\BOOKMARK [0][-]{chapter.7}{Release \205 Setup \205 Deployment}{}% 58
\BOOKMARK [1][-]{section.7.1}{Deployment Information and Dependencies}{chapter.7}% 59
\BOOKMARK [0][-]{chapter.8}{User Documentation}{}% 60
\BOOKMARK [1][-]{section.8.1}{User Guide}{chapter.8}% 61
\BOOKMARK [1][-]{section.8.2}{Installation Guide}{chapter.8}% 62
\BOOKMARK [0][-]{chapter*.6}{Acknowledgement}{}% 63
\BOOKMARK [0][-]{chapter*.7}{Sprint Reports}{}% 64
\BOOKMARK [1][-]{section.8.1}{Sprint Report \0431}{chapter*.7}% 65
